[rospy.client][INFO] 2018-01-18 16:09:22,963: init_node, name[/spawn_turtlebot_model], pid[909]
[xmlrpc][INFO] 2018-01-18 16:09:22,964: XML-RPC server binding to 0.0.0.0:0
[xmlrpc][INFO] 2018-01-18 16:09:22,964: Started XML-RPC server [http://318ccde5832c:42788/]
[rospy.init][INFO] 2018-01-18 16:09:22,964: ROS Slave URI: [http://318ccde5832c:42788/]
[rospy.impl.masterslave][INFO] 2018-01-18 16:09:22,964: _ready: http://318ccde5832c:42788/
[xmlrpc][INFO] 2018-01-18 16:09:22,964: xml rpc node: starting XML-RPC server
[rospy.registration][INFO] 2018-01-18 16:09:22,965: Registering with master node http://localhost:11311
[rospy.init][INFO] 2018-01-18 16:09:23,064: registered with master
[rospy.rosout][INFO] 2018-01-18 16:09:23,064: initializing /rosout core topic
[rospy.rosout][INFO] 2018-01-18 16:09:23,066: connected to core topic /rosout
[rospy.simtime][INFO] 2018-01-18 16:09:23,067: initializing /clock core topic
[rospy.simtime][INFO] 2018-01-18 16:09:23,068: connected to core topic /clock
[rosout][INFO] 2018-01-18 16:09:23,070: Loading model XML from ros parameter
[rosout][INFO] 2018-01-18 16:09:23,073: Waiting for service /gazebo/spawn_urdf_model
[rospy.internal][INFO] 2018-01-18 16:09:23,193: topic[/clock] adding connection to [http://318ccde5832c:34014/], count 0
[rospy.internal][INFO] 2018-01-18 16:09:23,364: topic[/rosout] adding connection to [/rosout], count 0
[rosout][INFO] 2018-01-18 16:09:23,377: Calling service /gazebo/spawn_urdf_model
[rosout][INFO] 2018-01-18 16:10:13,943: Spawn status: SpawnModel: Successfully spawned entity
[rospy.core][INFO] 2018-01-18 16:10:13,945: signal_shutdown [atexit]
[rospy.internal][INFO] 2018-01-18 16:10:13,947: topic[/rosout] removing connection to /rosout
[rospy.internal][INFO] 2018-01-18 16:10:13,947: topic[/clock] removing connection to http://318ccde5832c:34014/
[rospy.impl.masterslave][INFO] 2018-01-18 16:10:13,947: atexit
