[rospy.client][INFO] 2018-01-18 17:06:50,415: init_node, name[/spawn_turtlebot_model], pid[2261]
[xmlrpc][INFO] 2018-01-18 17:06:50,415: XML-RPC server binding to 0.0.0.0:0
[xmlrpc][INFO] 2018-01-18 17:06:50,415: Started XML-RPC server [http://318ccde5832c:42005/]
[rospy.init][INFO] 2018-01-18 17:06:50,415: ROS Slave URI: [http://318ccde5832c:42005/]
[rospy.impl.masterslave][INFO] 2018-01-18 17:06:50,416: _ready: http://318ccde5832c:42005/
[xmlrpc][INFO] 2018-01-18 17:06:50,416: xml rpc node: starting XML-RPC server
[rospy.registration][INFO] 2018-01-18 17:06:50,417: Registering with master node http://localhost:11311
[rospy.init][INFO] 2018-01-18 17:06:50,516: registered with master
[rospy.rosout][INFO] 2018-01-18 17:06:50,516: initializing /rosout core topic
[rospy.rosout][INFO] 2018-01-18 17:06:50,517: connected to core topic /rosout
[rospy.simtime][INFO] 2018-01-18 17:06:50,518: initializing /clock core topic
[rospy.simtime][INFO] 2018-01-18 17:06:50,520: connected to core topic /clock
[rosout][INFO] 2018-01-18 17:06:50,523: Loading model XML from ros parameter
[rosout][INFO] 2018-01-18 17:06:50,527: Waiting for service /gazebo/spawn_urdf_model
[rosout][INFO] 2018-01-18 17:06:50,528: Calling service /gazebo/spawn_urdf_model
[rospy.internal][INFO] 2018-01-18 17:06:50,531: topic[/clock] adding connection to [http://318ccde5832c:34014/], count 0
[rosout][INFO] 2018-01-18 17:06:50,533: Spawn status: SpawnModel: Failure - entity already exists.
[rospy.core][INFO] 2018-01-18 17:06:50,536: signal_shutdown [atexit]
[rospy.internal][INFO] 2018-01-18 17:06:50,539: topic[/clock] removing connection to http://318ccde5832c:34014/
[rospy.impl.masterslave][INFO] 2018-01-18 17:06:50,539: atexit
